<?xml version="1.0" encoding="utf-8"?><testsuites><testsuite name="pytest" errors="0" failures="0" skipped="0" tests="4" time="1822.571" timestamp="2024-10-11T17:48:11.522051" hostname="archlinux"><testcase classname="tests.api.test_api.TestBatchPipeline" name="test_should_failed_unkown_column_1" time="461.578" /><testcase classname="tests.api.test_api.TestBatchPipeline" name="test_should_failed_unkown_column_2" time="451.599" /><testcase classname="tests.api.test_api.TestBatchPipeline" name="test_should_failed_unkown_column_3" time="451.236" /><testcase classname="tests.api.test_api.TestBatchPipeline" name="test_should_get_predict" time="452.416" /></testsuite></testsuites>